    Finished `test` profile [unoptimized + debuginfo] target(s) in 0.82s
     Running unittests src\lib.rs (target\debug\deps\excel_skill-ef2ac20d0c62a87a.exe)

running 0 tests

test result: ok. 0 passed; 0 failed; 0 ignored; 0 measured; 2 filtered out; finished in 0.00s

     Running unittests src\main.rs (target\debug\deps\excel_skill-8c3786672090650b.exe)

running 0 tests

test result: ok. 0 passed; 0 failed; 0 ignored; 0 measured; 0 filtered out; finished in 0.00s

     Running tests\integration_binary_only_runtime.rs (target\debug\deps\integration_binary_only_runtime-e742266052f9f253.exe)

running 0 tests

test result: ok. 0 passed; 0 failed; 0 ignored; 0 measured; 2 filtered out; finished in 0.00s

     Running tests\integration_cli_json.rs (target\debug\deps\integration_cli_json-7819edb17a02ac94.exe)

running 1 test
test execute_multi_table_plan_stops_before_join_without_auto_confirm ... ok

test result: ok. 1 passed; 0 failed; 0 ignored; 0 measured; 201 filtered out; finished in 0.14s

     Running tests\integration_frame.rs (target\debug\deps\integration_frame-7de56704d945d5e7.exe)

running 0 tests

test result: ok. 0 passed; 0 failed; 0 ignored; 0 measured; 112 filtered out; finished in 0.00s

     Running tests\integration_header_schema.rs (target\debug\deps\integration_header_schema-656bb3da24b4a98e.exe)

running 0 tests

test result: ok. 0 passed; 0 failed; 0 ignored; 0 measured; 4 filtered out; finished in 0.00s

     Running tests\integration_open_workbook.rs (target\debug\deps\integration_open_workbook-687044d0fe697315.exe)

running 0 tests

test result: ok. 0 passed; 0 failed; 0 ignored; 0 measured; 5 filtered out; finished in 0.00s

     Running tests\integration_registry.rs (target\debug\deps\integration_registry-325a8431f4eb571c.exe)

running 0 tests

test result: ok. 0 passed; 0 failed; 0 ignored; 0 measured; 11 filtered out; finished in 0.00s

     Running tests\pivot_export_regression.rs (target\debug\deps\pivot_export_regression-d05980cb1efcbe51.exe)

running 0 tests

test result: ok. 0 passed; 0 failed; 0 ignored; 0 measured; 1 filtered out; finished in 0.00s

     Running tests\stat_diagnostics_cli.rs (target\debug\deps\stat_diagnostics_cli-ed69bf3a14dd27d8.exe)

running 0 tests

test result: ok. 0 passed; 0 failed; 0 ignored; 0 measured; 5 filtered out; finished in 0.00s

